<?xml version="1.0" encoding="UTF-8"?>
<!-- Generated by org.testng.reporters.JUnitReportReporter -->
<testsuite hostname="Ajinkyas-MacBook-Air.local" failures="0" tests="2" name="com.sep.basic.Day1.deleteUsers" time="4.671" errors="0" timestamp="2024-11-05T12:04:50 MST" skipped="0">
  <testcase classname="com.sep.basic.Day1.deleteUsers" name="deleteUser" time="0.520"/>
  <system-out/>
  <testcase classname="com.sep.basic.Day1.deleteUsers" name="logintoTekarchRequest" time="4.151"/>
  <system-out/>
</testsuite> <!-- com.sep.basic.Day1.deleteUsers -->
