<?xml version="1.0" encoding="UTF-8"?>
<!-- Generated by org.testng.reporters.JUnitReportReporter -->
<testsuite hostname="Ajinkyas-MacBook-Air.local" failures="0" tests="1" name="com.sep.Day2.GetData" time="2.678" errors="0" timestamp="2024-11-12T17:07:13 MST" skipped="0">
  <testcase classname="com.sep.Day2.GetData" name="testDeleteRepository" time="2.678"/>
  <system-out/>
</testsuite> <!-- com.sep.Day2.GetData -->
