<?xml version="1.0" encoding="UTF-8"?>
<!-- Generated by org.testng.reporters.JUnitReportReporter -->
<testsuite hostname="Ajinkyas-MacBook-Air.local" failures="0" tests="1" name="com.sep.basic.Day1.FirstTest" time="4.920" errors="0" timestamp="2024-11-05T10:38:41 MST" skipped="0">
  <testcase classname="com.sep.basic.Day1.FirstTest" name="test3" time="4.920"/>
  <system-out/>
</testsuite> <!-- com.sep.basic.Day1.FirstTest -->
