<?xml version="1.0" encoding="UTF-8"?>
<!-- Generated by org.testng.reporters.JUnitReportReporter -->
<testsuite hostname="Ajinkyas-MacBook-Air.local" failures="0" tests="2" name="com.sep.basic.Day1.updateUserTest" time="7.101" errors="0" timestamp="2024-11-05T11:59:09 MST" skipped="0">
  <testcase classname="com.sep.basic.Day1.updateUserTest" name="UpdateUser" time="2.589"/>
  <system-out/>
  <testcase classname="com.sep.basic.Day1.updateUserTest" name="logintoTekarchRequest" time="4.512"/>
  <system-out/>
</testsuite> <!-- com.sep.basic.Day1.updateUserTest -->
