<?xml version="1.0" encoding="UTF-8"?>
<!-- Generated by org.testng.reporters.JUnitReportReporter -->
<testsuite hostname="Ajinkyas-MacBook-Air.local" failures="0" tests="2" name="com.sep.basic.Day1.GetData" time="11.071" errors="0" timestamp="2024-11-05T11:57:58 MST" skipped="0">
  <testcase classname="com.sep.basic.Day1.GetData" name="GetAllUsers" time="7.113"/>
  <system-out/>
  <testcase classname="com.sep.basic.Day1.GetData" name="getToken" time="3.958"/>
  <system-out/>
</testsuite> <!-- com.sep.basic.Day1.GetData -->
