<?xml version="1.0" encoding="UTF-8"?>
<!-- Generated by org.testng.reporters.JUnitReportReporter -->
<testsuite hostname="Ajinkyas-MacBook-Air.local" failures="0" tests="2" name="com.sep.basic.Day1.CreateDataTest" time="3.844" errors="0" timestamp="2024-11-05T11:53:46 MST" skipped="0">
  <testcase classname="com.sep.basic.Day1.CreateDataTest" name="logintoTekarchRequest" time="3.389"/>
  <system-out/>
  <testcase classname="com.sep.basic.Day1.CreateDataTest" name="CreateUser" time="0.455"/>
  <system-out/>
</testsuite> <!-- com.sep.basic.Day1.CreateDataTest -->
